<!DOCTYPE html PUBLIC "-//W3C//DTD XHTML 1.1//EN" "https://www.w3.org/TR/xhtml11/DTD/xhtml11.dtd">
<html xmlns="https://www.w3.org/1999/xhtml">
<head>
<meta http-equiv="content-type" content="text/html; charset=UTF-8"/>
<title>TestNG Report</title>
<style type="text/css">table {margin-bottom:10px;border-collapse:collapse;empty-cells:show}th,td {border:1px solid #009;padding:.25em .5em}th {vertical-align:bottom}td {vertical-align:top}table a {font-weight:bold}.stripe td {background-color: #E6EBF9}.num {text-align:right}.passedodd td {background-color: #3F3}.passedeven td {background-color: #0A0}.skippedodd td {background-color: #DDD}.skippedeven td {background-color: #CCC}.failedodd td,.attn {background-color: #F33}.failedeven td,.stripe .attn {background-color: #D00}.stacktrace {white-space:pre;font-family:monospace}.totop {font-size:85%;text-align:center;border-bottom:2px solid #000}.invisible {display:none}</style>
</head>
<body>
<table>
<tr><th>Test</th><th># Passed</th><th># Skipped</th><th># Retried</th><th># Failed</th><th>Time (ms)</th><th>Included Groups</th><th>Excluded Groups</th></tr>
<tr><th colspan="8">Main suite</th></tr>
<tr><td><a href="#t0">test1</a></td><td class="num">0</td><td class="num attn">1</td><td class="num">0</td><td class="num">0</td><td class="num">218,076</td><td></td><td></td></tr>
</table>
<table id='summary'><thead><tr><th>Class</th><th>Method</th><th>Start</th><th>Time (ms)</th></tr></thead><tbody><tr><th colspan="4">Main suite</th></tr></tbody><tbody id="t0"><tr><th colspan="4">test1 &#8212; failed (configuration methods)</th></tr><tr class="failedeven"><td rowspan="1">Tests.GamesResultsTest</td><td><a href="#m0">login</a></td><td rowspan="1">1611432130489</td><td rowspan="1">218027</td></tr><tr><th colspan="4">test1 &#8212; skipped (configuration methods)</th></tr><tr class="skippedeven"><td rowspan="1">Tests.GamesResultsTest</td><td><a href="#m1">closeBrowser</a></td><td rowspan="1">1611432348564</td><td rowspan="1">-1611432348564</td></tr><tr><th colspan="4">test1 &#8212; skipped</th></tr><tr class="skippedeven"><td rowspan="1">Tests.GamesResultsTest</td><td><a href="#m2">myTest</a></td><td rowspan="1">1611432348560</td><td rowspan="1">0</td></tr></tbody>
</table>
<h2>test1</h2><h3 id="m0">Tests.GamesResultsTest#login</h3><table class="result"><tr><th>Exception</th></tr><tr><td><div class="stacktrace">org.openqa.selenium.WebDriverException: unknown error: net::ERR_CONNECTION_TIMED_OUT
  (Session info: chrome=87.0.4280.141)
Build info: version: &apos;3.141.59&apos;, revision: &apos;e82be7d358&apos;, time: &apos;2018-11-14T08:17:03&apos;
System info: host: &apos;SK-LV127&apos;, ip: &apos;192.168.246.1&apos;, os.name: &apos;Windows 10&apos;, os.arch: &apos;amd64&apos;, os.version: &apos;10.0&apos;, java.version: &apos;15.0.1&apos;
Driver info: org.openqa.selenium.chrome.ChromeDriver
selenide.url: http://www.it-league.lviv.ua
Capabilities {acceptInsecureCerts: true, browserName: chrome, browserVersion: 87.0.4280.141, chrome: {chromedriverVersion: 87.0.4280.88 (89e2380a3e36c..., userDataDir: C:\Users\V3A35~1.POT\AppDat...}, goog:chromeOptions: {debuggerAddress: localhost:64181}, javascriptEnabled: true, networkConnectionEnabled: false, pageLoadStrategy: normal, platform: WINDOWS, platformName: WINDOWS, proxy: Proxy(), setWindowRect: true, strictFileInteractability: false, timeouts: {implicit: 0, pageLoad: 300000, script: 30000}, unhandledPromptBehavior: dismiss and notify, webauthn:virtualAuthenticators: true}
selenide.baseUrl: http://www.it-league.lviv.ua
Session ID: 92d76324bae2a53d01ffb37ba36c419d
	at org.openqa.selenium.remote.http.W3CHttpResponseCodec.createException(W3CHttpResponseCodec.java:187)
	at org.openqa.selenium.remote.http.W3CHttpResponseCodec.decode(W3CHttpResponseCodec.java:122)
	at org.openqa.selenium.remote.http.W3CHttpResponseCodec.decode(W3CHttpResponseCodec.java:49)
	at org.openqa.selenium.remote.HttpCommandExecutor.execute(HttpCommandExecutor.java:158)
	at org.openqa.selenium.remote.service.DriverCommandExecutor.execute(DriverCommandExecutor.java:83)
	at org.openqa.selenium.remote.RemoteWebDriver.execute(RemoteWebDriver.java:552)
	at org.openqa.selenium.remote.RemoteWebDriver.get(RemoteWebDriver.java:277)
	at org.openqa.selenium.remote.RemoteWebDriver$RemoteNavigation.to(RemoteWebDriver.java:857)
	at com.codeborne.selenide.drivercommands.Navigator.navigateTo(Navigator.java:72)
	at com.codeborne.selenide.drivercommands.Navigator.open(Navigator.java:40)
	at com.codeborne.selenide.SelenideDriver.open(SelenideDriver.java:92)
	at com.codeborne.selenide.SelenideDriver.open(SelenideDriver.java:122)
	at com.codeborne.selenide.SelenideDriver.open(SelenideDriver.java:107)
	at com.codeborne.selenide.Selenide.open(Selenide.java:147)
	at Tests.BaseTest.login(BaseTest.java:30)
... Removed 33 stack frames</div></td></tr></table><p class="totop"><a href="#summary">back to summary</a></p>
<h3 id="m1">Tests.GamesResultsTest#closeBrowser</h3><table class="result"><tr><th class="invisible"/></tr></table><p class="totop"><a href="#summary">back to summary</a></p>
<h3 id="m2">Tests.GamesResultsTest#myTest</h3><table class="result"><tr><th>Exception</th></tr><tr><td><div class="stacktrace">org.openqa.selenium.WebDriverException: unknown error: net::ERR_CONNECTION_TIMED_OUT
  (Session info: chrome=87.0.4280.141)
Build info: version: &apos;3.141.59&apos;, revision: &apos;e82be7d358&apos;, time: &apos;2018-11-14T08:17:03&apos;
System info: host: &apos;SK-LV127&apos;, ip: &apos;192.168.246.1&apos;, os.name: &apos;Windows 10&apos;, os.arch: &apos;amd64&apos;, os.version: &apos;10.0&apos;, java.version: &apos;15.0.1&apos;
Driver info: org.openqa.selenium.chrome.ChromeDriver
selenide.url: http://www.it-league.lviv.ua
Capabilities {acceptInsecureCerts: true, browserName: chrome, browserVersion: 87.0.4280.141, chrome: {chromedriverVersion: 87.0.4280.88 (89e2380a3e36c..., userDataDir: C:\Users\V3A35~1.POT\AppDat...}, goog:chromeOptions: {debuggerAddress: localhost:64181}, javascriptEnabled: true, networkConnectionEnabled: false, pageLoadStrategy: normal, platform: WINDOWS, platformName: WINDOWS, proxy: Proxy(), setWindowRect: true, strictFileInteractability: false, timeouts: {implicit: 0, pageLoad: 300000, script: 30000}, unhandledPromptBehavior: dismiss and notify, webauthn:virtualAuthenticators: true}
selenide.baseUrl: http://www.it-league.lviv.ua
Session ID: 92d76324bae2a53d01ffb37ba36c419d
	at org.openqa.selenium.remote.http.W3CHttpResponseCodec.createException(W3CHttpResponseCodec.java:187)
	at org.openqa.selenium.remote.http.W3CHttpResponseCodec.decode(W3CHttpResponseCodec.java:122)
	at org.openqa.selenium.remote.http.W3CHttpResponseCodec.decode(W3CHttpResponseCodec.java:49)
	at org.openqa.selenium.remote.HttpCommandExecutor.execute(HttpCommandExecutor.java:158)
	at org.openqa.selenium.remote.service.DriverCommandExecutor.execute(DriverCommandExecutor.java:83)
	at org.openqa.selenium.remote.RemoteWebDriver.execute(RemoteWebDriver.java:552)
	at org.openqa.selenium.remote.RemoteWebDriver.get(RemoteWebDriver.java:277)
	at org.openqa.selenium.remote.RemoteWebDriver$RemoteNavigation.to(RemoteWebDriver.java:857)
	at com.codeborne.selenide.drivercommands.Navigator.navigateTo(Navigator.java:72)
	at com.codeborne.selenide.drivercommands.Navigator.open(Navigator.java:40)
	at com.codeborne.selenide.SelenideDriver.open(SelenideDriver.java:92)
	at com.codeborne.selenide.SelenideDriver.open(SelenideDriver.java:122)
	at com.codeborne.selenide.SelenideDriver.open(SelenideDriver.java:107)
	at com.codeborne.selenide.Selenide.open(Selenide.java:147)
	at Tests.BaseTest.login(BaseTest.java:30)
... Removed 33 stack frames</div></td></tr></table><p class="totop"><a href="#summary">back to summary</a></p>
</body>
</html>
